yarn run v1.22.19
$ storybook build --output-dir C:\Users\El\AppData\Local\Temp\chromatic--4668-1Zn53vcML6MA
@storybook/cli v7.6.6

info => Cleaning outputDir: C:\Users\El\AppData\Local\Temp\chromatic--4668-1Zn53vcML6MA
info => Loading presets
info => Building manager..
info => Manager built (2.16 s)
info => Building preview..
info => Copying static files: C:\Users\El\Documents\frontend\storybook\learnstorybook-design-system\node_modules\@storybook\manager\static at C:\Users\El\AppData\Local\Temp\chromatic--4668-1Zn53vcML6MA\sb-common-assets
WARN No story files found for the specified pattern: src\**\*.mdx
[36mvite v4.3.9 [32mbuilding for production...[36m[39m

./sb-common-assets/fonts.css doesn't exist at build time, it will remain unchanged to be resolved at runtime
transforming...
node_modules/telejson/dist/index.mjs (1413:15) Use of eval in "node_modules/telejson/dist/index.mjs" is strongly discouraged as it poses security risks and may cause issues with minification.
node_modules/telejson/dist/index.mjs (1416:18) Use of eval in "node_modules/telejson/dist/index.mjs" is strongly discouraged as it poses security risks and may cause issues with minification.
[32m✓[39m 607 modules transformed.
rendering chunks...
computing gzip size...
[2m../../../../AppData/Local/Temp/chromatic--4668-1Zn53vcML6MA/[22m[32miframe.html                                                                 [39m[1m[2m 12.80 kB[22m[1m[22m[2m │ gzip:   3.59 kB[22m
[2m../../../../AppData/Local/Temp/chromatic--4668-1Zn53vcML6MA/[22m[36massets/emotion-use-insertion-effect-with-fallbacks.browser.esm-16f43d9e.js  [39m[1m[2m  0.18 kB[22m[1m[22m[2m │ gzip:   0.16 kB[22m
[2m../../../../AppData/Local/Temp/chromatic--4668-1Zn53vcML6MA/[22m[36massets/WithTooltip-V3YHNWJZ-176c8a48.js                                     [39m[1m[2m  0.50 kB[22m[1m[22m[2m │ gzip:   0.31 kB[22m
[2m../../../../AppData/Local/Temp/chromatic--4668-1Zn53vcML6MA/[22m[36massets/syntaxhighlighter-V7JZZA35-57b3f87d.js                               [39m[1m[2m  0.52 kB[22m[1m[22m[2m │ gzip:   0.33 kB[22m
[2m../../../../AppData/Local/Temp/chromatic--4668-1Zn53vcML6MA/[22m[36massets/preview-9dbcdccc.js                                                  [39m[1m[2m  0.57 kB[22m[1m[22m[2m │ gzip:   0.37 kB[22m
[2m../../../../AppData/Local/Temp/chromatic--4668-1Zn53vcML6MA/[22m[36massets/index-5d2faddc.js                                                    [39m[1m[2m  0.58 kB[22m[1m[22m[2m │ gzip:   0.35 kB[22m
[2m../../../../AppData/Local/Temp/chromatic--4668-1Zn53vcML6MA/[22m[36massets/preview-73104b77.js                                                  [39m[1m[2m  0.64 kB[22m[1m[22m[2m │ gzip:   0.44 kB[22m
[2m../../../../AppData/Local/Temp/chromatic--4668-1Zn53vcML6MA/[22m[36massets/_commonjsHelpers-042e6b4d.js                                         [39m[1m[2m  0.73 kB[22m[1m[22m[2m │ gzip:   0.40 kB[22m
[2m../../../../AppData/Local/Temp/chromatic--4668-1Zn53vcML6MA/[22m[36massets/index-356e4a49.js                                                    [39m[1m[2m  0.77 kB[22m[1m[22m[2m │ gzip:   0.47 kB[22m
[2m../../../../AppData/Local/Temp/chromatic--4668-1Zn53vcML6MA/[22m[36massets/index-1fc0ca9a.js                                                    [39m[1m[2m  0.80 kB[22m[1m[22m[2m │ gzip:   0.52 kB[22m
[2m../../../../AppData/Local/Temp/chromatic--4668-1Zn53vcML6MA/[22m[36massets/preview-0ef86afd.js                                                  [39m[1m[2m  0.86 kB[22m[1m[22m[2m │ gzip:   0.55 kB[22m
[2m../../../../AppData/Local/Temp/chromatic--4668-1Zn53vcML6MA/[22m[36massets/entry-preview-a0af1ed1.js                                            [39m[1m[2m  1.12 kB[22m[1m[22m[2m │ gzip:   0.66 kB[22m
[2m../../../../AppData/Local/Temp/chromatic--4668-1Zn53vcML6MA/[22m[36massets/animation-6c31d675.js                                                [39m[1m[2m  1.19 kB[22m[1m[22m[2m │ gzip:   0.39 kB[22m
[2m../../../../AppData/Local/Temp/chromatic--4668-1Zn53vcML6MA/[22m[36massets/preview-bcf7d5d3.js                                                  [39m[1m[2m  1.78 kB[22m[1m[22m[2m │ gzip:   0.94 kB[22m
[2m../../../../AppData/Local/Temp/chromatic--4668-1Zn53vcML6MA/[22m[36massets/styles-712a09bd.js                                                   [39m[1m[2m  2.08 kB[22m[1m[22m[2m │ gzip:   1.17 kB[22m
[2m../../../../AppData/Local/Temp/chromatic--4668-1Zn53vcML6MA/[22m[36massets/preview-77a968f3.js                                                  [39m[1m[2m  2.53 kB[22m[1m[22m[2m │ gzip:   1.29 kB[22m
[2m../../../../AppData/Local/Temp/chromatic--4668-1Zn53vcML6MA/[22m[36massets/StoryLinkWrapper-03e3dbcd.js                                         [39m[1m[2m  2.54 kB[22m[1m[22m[2m │ gzip:   1.26 kB[22m
[2m../../../../AppData/Local/Temp/chromatic--4668-1Zn53vcML6MA/[22m[36massets/index-11d98b33.js                                                    [39m[1m[2m  2.59 kB[22m[1m[22m[2m │ gzip:   1.26 kB[22m
[2m../../../../AppData/Local/Temp/chromatic--4668-1Zn53vcML6MA/[22m[36massets/preview-errors-dde4324f.js                                           [39m[1m[2m  2.80 kB[22m[1m[22m[2m │ gzip:   1.29 kB[22m
[2m../../../../AppData/Local/Temp/chromatic--4668-1Zn53vcML6MA/[22m[36massets/Icon.stories-f2f6eee8.js                                             [39m[1m[2m  3.17 kB[22m[1m[22m[2m │ gzip:   1.23 kB[22m
[2m../../../../AppData/Local/Temp/chromatic--4668-1Zn53vcML6MA/[22m[36massets/preview-30b54f76.js                                                  [39m[1m[2m  3.21 kB[22m[1m[22m[2m │ gzip:   1.37 kB[22m
[2m../../../../AppData/Local/Temp/chromatic--4668-1Zn53vcML6MA/[22m[36massets/Badge.stories-210e2239.js                                            [39m[1m[2m  4.80 kB[22m[1m[22m[2m │ gzip:   1.55 kB[22m
[2m../../../../AppData/Local/Temp/chromatic--4668-1Zn53vcML6MA/[22m[36massets/iframe-94195cb6.js                                                   [39m[1m[2m  5.89 kB[22m[1m[22m[2m │ gzip:   1.74 kB[22m
[2m../../../../AppData/Local/Temp/chromatic--4668-1Zn53vcML6MA/[22m[36massets/Avatar.stories-c66cef78.js                                           [39m[1m[2m  6.83 kB[22m[1m[22m[2m │ gzip:   2.21 kB[22m
[2m../../../../AppData/Local/Temp/chromatic--4668-1Zn53vcML6MA/[22m[36massets/index-570b25c1.js                                                    [39m[1m[2m  7.16 kB[22m[1m[22m[2m │ gzip:   2.91 kB[22m
[2m../../../../AppData/Local/Temp/chromatic--4668-1Zn53vcML6MA/[22m[36massets/Link.stories-ede8892b.js                                             [39m[1m[2m  7.26 kB[22m[1m[22m[2m │ gzip:   2.26 kB[22m
[2m../../../../AppData/Local/Temp/chromatic--4668-1Zn53vcML6MA/[22m[36massets/preview-da31036b.js                                                  [39m[1m[2m  7.62 kB[22m[1m[22m[2m │ gzip:   1.56 kB[22m
[2m../../../../AppData/Local/Temp/chromatic--4668-1Zn53vcML6MA/[22m[36massets/preview-c56bf6ac.js                                                  [39m[1m[2m  8.28 kB[22m[1m[22m[2m │ gzip:   3.16 kB[22m
[2m../../../../AppData/Local/Temp/chromatic--4668-1Zn53vcML6MA/[22m[36massets/polished.esm-b6220ab2.js                                             [39m[1m[2m 10.86 kB[22m[1m[22m[2m │ gzip:   3.87 kB[22m
[2m../../../../AppData/Local/Temp/chromatic--4668-1Zn53vcML6MA/[22m[36massets/emotion-react-jsx-runtime.browser.esm-8d4d234d.js                    [39m[1m[2m 18.34 kB[22m[1m[22m[2m │ gzip:   7.33 kB[22m
[2m../../../../AppData/Local/Temp/chromatic--4668-1Zn53vcML6MA/[22m[36massets/Button.stories-cbe21bb3.js                                           [39m[1m[2m 22.72 kB[22m[1m[22m[2m │ gzip:   3.86 kB[22m
[2m../../../../AppData/Local/Temp/chromatic--4668-1Zn53vcML6MA/[22m[36massets/Color-6VNJS4EI-6064eab4.js                                           [39m[1m[2m 31.12 kB[22m[1m[22m[2m │ gzip:  11.69 kB[22m
[2m../../../../AppData/Local/Temp/chromatic--4668-1Zn53vcML6MA/[22m[36massets/preview-a07ea659.js                                                  [39m[1m[2m 72.07 kB[22m[1m[22m[2m │ gzip:  24.33 kB[22m
[2m../../../../AppData/Local/Temp/chromatic--4668-1Zn53vcML6MA/[22m[36massets/_getPrototype-ce51a663.js                                            [39m[1m[2m 78.40 kB[22m[1m[22m[2m │ gzip:  23.40 kB[22m
[2m../../../../AppData/Local/Temp/chromatic--4668-1Zn53vcML6MA/[22m[36massets/react-18-b7acb0ce.js                                                 [39m[1m[2m134.55 kB[22m[1m[22m[2m │ gzip:  43.44 kB[22m
[2m../../../../AppData/Local/Temp/chromatic--4668-1Zn53vcML6MA/[22m[36massets/Icon-9e1d0405.js                                                     [39m[1m[2m140.34 kB[22m[1m[22m[2m │ gzip:  51.51 kB[22m
[2m../../../../AppData/Local/Temp/chromatic--4668-1Zn53vcML6MA/[22m[36massets/entry-preview-docs-9c4629dc.js                                       [39m[1m[2m212.41 kB[22m[1m[22m[2m │ gzip:  65.84 kB[22m
[2m../../../../AppData/Local/Temp/chromatic--4668-1Zn53vcML6MA/[22m[36massets/DocsRenderer-NNNQARDV-7fbaecb3.js                                    [39m[1m[33m527.10 kB[39m[22m[2m │ gzip: 171.68 kB[22m
[2m../../../../AppData/Local/Temp/chromatic--4668-1Zn53vcML6MA/[22m[36massets/formatter-SWP5E3XI-228ac8bf.js                                       [39m[1m[33m601.70 kB[39m[22m[2m │ gzip: 185.08 kB[22m
[33m
(!) Some chunks are larger than 500 kBs after minification. Consider:
- Using dynamic import() to code-split the application
- Use build.rollupOptions.output.manualChunks to improve chunking: https://rollupjs.org/configuration-options/#output-manualchunks
- Adjust chunk size limit for this warning via build.chunkSizeWarningLimit.[39m
[32m✓ built in 31.00s[39m
info => Preview built (54 s)
info => Output directory: C:\Users\El\AppData\Local\Temp\chromatic--4668-1Zn53vcML6MA
Done in 111.58s.
